1518536267001	geckodriver	INFO	geckodriver 0.19.1
1518536267033	geckodriver	INFO	Listening on 127.0.0.1:60585
1518536269193	mozrunner::runner	INFO	Running command: "C:\\Program Files (x86)\\Mozilla Firefox\\firefox.exe" "-marionette" "-profile" "C:\\Users\\harirath\\AppData\\Local\\Temp\\rust_mozprofile.pbOQrNxgatN1"
1518536269997	addons.xpi	WARN	Error parsing extensions state: [Exception... "Component returned failure code: 0x80520012 (NS_ERROR_FILE_NOT_FOUND) [amIAddonManagerStartup.readStartupData]"  nsresult: "0x80520012 (NS_ERROR_FILE_NOT_FOUND)"  location: "JS frame :: resource://gre/modules/addons/XPIProvider.jsm :: loadExtensionState :: line 1596"  data: no] Stack trace: loadExtensionState()@resource://gre/modules/addons/XPIProvider.jsm:1596 < getInstallState()@resource://gre/modules/addons/XPIProvider.jsm:1631 < checkForChanges()@resource://gre/modules/addons/XPIProvider.jsm:3152 < startup()@resource://gre/modules/addons/XPIProvider.jsm:2246 < callProvider()@resource://gre/modules/AddonManager.jsm:271 < _startProvider()@resource://gre/modules/AddonManager.jsm:741 < startup()@resource://gre/modules/AddonManager.jsm:908 < startup()@resource://gre/modules/AddonManager.jsm:3122 < observe()@jar:file:///C:/Program%20Files%20(x86)/Mozilla%20Firefox/omni.ja!/components/addonManager.js:65
1518536270974	Marionette	INFO	Enabled via --marionette
[Child 18252] WARNING: pipe error: 109: file c:/builds/moz2_slave/m-rel-w32-00000000000000000000/build/src/ipc/chromium/src/chrome/common/ipc_channel_win.cc, line 346
[Child 18252] WARNING: pipe error: 109: file c:/builds/moz2_slave/m-rel-w32-00000000000000000000/build/src/ipc/chromium/src/chrome/common/ipc_channel_win.cc, line 346
1518536273509	Marionette	INFO	Listening on port 60593
1518536273531	Marionette	INFO	Listening on port 60593
1518536273598	Marionette	WARN	TLS certificate errors will be ignored for this session
1518536273756	Marionette	DEBUG	loaded listener.js
1518536273909	Marionette	DEBUG	Received DOM event "beforeunload" for "about:blank"
1518536274017	Marionette	DEBUG	Received DOM event "pagehide" for "about:blank"
1518536274018	Marionette	DEBUG	Received DOM event "unload" for "about:blank"
1518536275843	Marionette	DEBUG	Received DOM event "DOMContentLoaded" for "https://www.gucci.com/us/en/"
1518536276705	Marionette	DEBUG	Received DOM event "pageshow" for "https://www.gucci.com/us/en/"
JavaScript warning: https://gucci-track.inside-graph.com/ig.js, line 479: unreachable code after return statement
JavaScript warning: https://gucci-track.inside-graph.com/ig.js, line 530: unreachable code after return statement
1518536294644	Marionette	DEBUG	Canceled page load listener because no navigation has been detected
1518536294961	Marionette	DEBUG	Received DOM event "pagehide" for "https://www.gucci.com/us/en/signIn"
1518536295616	Marionette	DEBUG	Canceled page load listener because no navigation has been detected
JavaScript warning: https://gucci-track.inside-graph.com/ig.js, line 479: unreachable code after return statement
JavaScript warning: https://gucci-track.inside-graph.com/ig.js, line 530: unreachable code after return statement
*************************
A coding exception was thrown and uncaught in a Task.

Full message: TypeError: can't access dead object
Full stack: find_@chrome://marionette/content/element.js:290:7
element.find/</findElements<@chrome://marionette/content/element.js:256:17
evalFn@chrome://marionette/content/wait.js:70:7

*************************
*************************
A coding exception was thrown and uncaught in a Task.

Full message: TypeError: can't access dead object
Full stack: find_@chrome://marionette/content/element.js:290:7
element.find/</findElements<@chrome://marionette/content/element.js:256:17
evalFn@chrome://marionette/content/wait.js:70:7

*************************
Marionette threw an error: [Exception... "Component returned failure code: 0x80070057 (NS_ERROR_ILLEGAL_VALUE) [nsIMessageSender.sendAsyncMessage]"  nsresult: "0x80070057 (NS_ERROR_ILLEGAL_VALUE)"  location: "JS frame :: chrome://marionette/content/proxy.js :: sendReply_ :: line 195"  data: no]
sendReply_@chrome://marionette/content/proxy.js:195:5
reply@chrome://marionette/content/proxy.js:175:7
sendToServer@chrome://marionette/content/listener.js:641:3
sendError@chrome://marionette/content/listener.js:675:3
dispatch/</<@chrome://marionette/content/listener.js:443:40
process@resource://gre/modules/Promise.jsm -> resource://gre/modules/Promise-backend.js:925:21
walkerLoop@resource://gre/modules/Promise.jsm -> resource://gre/modules/Promise-backend.js:806:7
scheduleWalkerLoop/<@resource://gre/modules/Promise.jsm -> resource://gre/modules/Promise-backend.js:742:11

[GPU 11060] WARNING: pipe error: 109: file c:/builds/moz2_slave/m-rel-w32-00000000000000000000/build/src/ipc/chromium/src/chrome/common/ipc_channel_win.cc, line 346
[Child 8296] WARNING: pipe error: 109: file c:/builds/moz2_slave/m-rel-w32-00000000000000000000/build/src/ipc/chromium/src/chrome/common/ipc_channel_win.cc, line 346
1518536329001	geckodriver	INFO	geckodriver 0.19.1
1518536329032	geckodriver	INFO	Listening on 127.0.0.1:60749
1518536331227	mozrunner::runner	INFO	Running command: "C:\\Program Files (x86)\\Mozilla Firefox\\firefox.exe" "-marionette" "-profile" "C:\\Users\\harirath\\AppData\\Local\\Temp\\rust_mozprofile.8nKRVfgaVXFA"
1518536332639	addons.xpi	WARN	Error parsing extensions state: [Exception... "Component returned failure code: 0x80520012 (NS_ERROR_FILE_NOT_FOUND) [amIAddonManagerStartup.readStartupData]"  nsresult: "0x80520012 (NS_ERROR_FILE_NOT_FOUND)"  location: "JS frame :: resource://gre/modules/addons/XPIProvider.jsm :: loadExtensionState :: line 1596"  data: no] Stack trace: loadExtensionState()@resource://gre/modules/addons/XPIProvider.jsm:1596 < getInstallState()@resource://gre/modules/addons/XPIProvider.jsm:1631 < checkForChanges()@resource://gre/modules/addons/XPIProvider.jsm:3152 < startup()@resource://gre/modules/addons/XPIProvider.jsm:2246 < callProvider()@resource://gre/modules/AddonManager.jsm:271 < _startProvider()@resource://gre/modules/AddonManager.jsm:741 < startup()@resource://gre/modules/AddonManager.jsm:908 < startup()@resource://gre/modules/AddonManager.jsm:3122 < observe()@jar:file:///C:/Program%20Files%20(x86)/Mozilla%20Firefox/omni.ja!/components/addonManager.js:65
1518536333473	Marionette	INFO	Enabled via --marionette
1518536335971	Marionette	INFO	Listening on port 60755
1518536335994	Marionette	INFO	Listening on port 60755
1518536336610	Marionette	WARN	TLS certificate errors will be ignored for this session
1518536336730	Marionette	DEBUG	loaded listener.js
1518536336890	Marionette	DEBUG	Received DOM event "beforeunload" for "about:blank"
1518536337064	Marionette	DEBUG	Received DOM event "pagehide" for "about:blank"
1518536337064	Marionette	DEBUG	Received DOM event "unload" for "about:blank"
1518536338783	Marionette	DEBUG	Received DOM event "DOMContentLoaded" for "https://www.gucci.com/us/en/"
1518536339720	Marionette	DEBUG	Received DOM event "pageshow" for "https://www.gucci.com/us/en/"
1518536339734	Marionette	DEBUG	Received DOM event "pageshow" for "https://www.gucci.com/us/en/"
1518536342204	Marionette	DEBUG	Received DOM event "DOMContentLoaded" for "https://4565108.fls.doubleclick.net/activityi;src=4565108;type=visit;cat=arrival;ord=1;num=5850765150464;gtm=G26;u1=us;~oref=https%3A%2F%2Fwww.gucci.com%2Fus%2Fen%2F?"
1518536342418	Marionette	DEBUG	Received DOM event "DOMContentLoaded" for "https://4565108.fls.doubleclick.net/activityi;src=4565108;type=visit;cat=home;ord=1;num=8133924054844;gtm=G26;u1=us;~oref=https%3A%2F%2Fwww.gucci.com%2Fus%2Fen%2F?"
1518536342568	Marionette	DEBUG	Received DOM event "DOMContentLoaded" for "https://adservice.google.com/ddm/fls/i/src=4565108;type=visit;cat=home;ord=1;num=8133924054844;gtm=G26;u1=us;_dc_1=1;~oref=https%3A%2F%2Fwww.gucci.com%2Fus%2Fen%2F"
1518536342716	Marionette	DEBUG	Received DOM event "DOMContentLoaded" for "https://adservice.google.com/ddm/fls/i/src=4565108;type=visit;cat=arrival;ord=1;num=5850765150464;gtm=G26;u1=us;_dc_1=1;~oref=https%3A%2F%2Fwww.gucci.com%2Fus%2Fen%2F"
1518536342788	Marionette	DEBUG	Received DOM event "DOMContentLoaded" for "https://adservice.google.co.in/ddm/fls/i/src=4565108;type=visit;cat=home;ord=1;num=8133924054844;gtm=G26;u1=us;_dc_1=3;~oref=https%3A%2F%2Fwww.gucci.com%2Fus%2Fen%2F"
1518536342793	Marionette	DEBUG	Received DOM event "pageshow" for "https://adservice.google.co.in/ddm/fls/i/src=4565108;type=visit;cat=home;ord=1;num=8133924054844;gtm=G26;u1=us;_dc_1=3;~oref=https%3A%2F%2Fwww.gucci.com%2Fus%2Fen%2F"
1518536342795	Marionette	DEBUG	Received DOM event "pageshow" for "https://adservice.google.com/ddm/fls/i/src=4565108;type=visit;cat=home;ord=1;num=8133924054844;gtm=G26;u1=us;_dc_1=1;~oref=https%3A%2F%2Fwww.gucci.com%2Fus%2Fen%2F"
1518536342797	Marionette	DEBUG	Received DOM event "pageshow" for "https://4565108.fls.doubleclick.net/activityi;src=4565108;type=visit;cat=home;ord=1;num=8133924054844;gtm=G26;u1=us;~oref=https%3A%2F%2Fwww.gucci.com%2Fus%2Fen%2F?"
1518536343415	Marionette	DEBUG	Received DOM event "DOMContentLoaded" for "https://adservice.google.co.in/ddm/fls/i/src=4565108;type=visit;cat=arrival;ord=1;num=5850765150464;gtm=G26;u1=us;_dc_1=3;~oref=https%3A%2F%2Fwww.gucci.com%2Fus%2Fen%2F"
1518536343417	Marionette	DEBUG	Received DOM event "pageshow" for "https://adservice.google.co.in/ddm/fls/i/src=4565108;type=visit;cat=arrival;ord=1;num=5850765150464;gtm=G26;u1=us;_dc_1=3;~oref=https%3A%2F%2Fwww.gucci.com%2Fus%2Fen%2F"
1518536343418	Marionette	DEBUG	Received DOM event "pageshow" for "https://adservice.google.com/ddm/fls/i/src=4565108;type=visit;cat=arrival;ord=1;num=5850765150464;gtm=G26;u1=us;_dc_1=1;~oref=https%3A%2F%2Fwww.gucci.com%2Fus%2Fen%2F"
1518536343420	Marionette	DEBUG	Received DOM event "pageshow" for "https://4565108.fls.doubleclick.net/activityi;src=4565108;type=visit;cat=arrival;ord=1;num=5850765150464;gtm=G26;u1=us;~oref=https%3A%2F%2Fwww.gucci.com%2Fus%2Fen%2F?"
1518536345349	Marionette	DEBUG	Received DOM event "pageshow" for "https://www.gucci.com/us/en/"
JavaScript warning: https://gucci-track.inside-graph.com/ig.js, line 479: unreachable code after return statement
JavaScript warning: https://gucci-track.inside-graph.com/ig.js, line 530: unreachable code after return statement
JavaScript warning: https://gucci-track.inside-graph.com/ig.js, line 479: unreachable code after return statement
JavaScript warning: https://gucci-track.inside-graph.com/ig.js, line 530: unreachable code after return statement
1518536357477	Marionette	DEBUG	Canceled page load listener because no navigation has been detected
1518536357625	Marionette	DEBUG	Received DOM event "beforeunload" for "https://www.gucci.com/us/en/signIn"
1518536359290	Marionette	DEBUG	Received DOM event "pagehide" for "https://www.gucci.com/us/en/signIn"
1518536359293	Marionette	DEBUG	Received DOM event "unload" for "https://www.gucci.com/us/en/signIn"
1518536360610	Marionette	DEBUG	Received DOM event "DOMContentLoaded" for "https://www.gucci.com/us/en/my-account"
1518536360612	Marionette	DEBUG	Received observer notification "outer-window-destroyed" for "2147483671"
1518536361100	Marionette	DEBUG	Received DOM event "pageshow" for "https://www.gucci.com/us/en/my-account"
1518536362107	Marionette	DEBUG	Received DOM event "DOMContentLoaded" for "https://4565108.fls.doubleclick.net/activityi;src=4565108;type=visit;cat=arrival;ord=1;num=4831769738336;gtm=G26;u1=us;~oref=https%3A%2F%2Fwww.gucci.com%2Fus%2Fen%2Fmy-account?"
1518536362109	Marionette	DEBUG	Received DOM event "pageshow" for "https://4565108.fls.doubleclick.net/activityi;src=4565108;type=visit;cat=arrival;ord=1;num=4831769738336;gtm=G26;u1=us;~oref=https%3A%2F%2Fwww.gucci.com%2Fus%2Fen%2Fmy-account?"
1518536363031	Marionette	DEBUG	Received DOM event "pageshow" for "https://www.gucci.com/us/en/my-account"
JavaScript warning: https://gucci-track.inside-graph.com/ig.js, line 479: unreachable code after return statement
JavaScript warning: https://gucci-track.inside-graph.com/ig.js, line 530: unreachable code after return statement
JavaScript warning: https://gucci-track.inside-graph.com/ig.js, line 479: unreachable code after return statement
JavaScript warning: https://gucci-track.inside-graph.com/ig.js, line 530: unreachable code after return statement
[Child 17668] WARNING: pipe error: 109: file c:/builds/moz2_slave/m-rel-w32-00000000000000000000/build/src/ipc/chromium/src/chrome/common/ipc_channel_win.cc, line 346
[Child 17668] WARNING: pipe error: 232: file c:/builds/moz2_slave/m-rel-w32-00000000000000000000/build/src/ipc/chromium/src/chrome/common/ipc_channel_win.cc, line 513
[Child 17668] WARNING: pipe error: 109: file c:/builds/moz2_slave/m-rel-w32-00000000000000000000/build/src/ipc/chromium/src/chrome/common/ipc_channel_win.cc, line 346
[GPU 10352] WARNING: pipe error: 109: file c:/builds/moz2_slave/m-rel-w32-00000000000000000000/build/src/ipc/chromium/src/chrome/common/ipc_channel_win.cc, line 346

###!!! [Child][MessageChannel::SendAndWait] Error: Channel error: cannot send/recv

1522826304113	geckodriver	INFO	geckodriver 0.19.1
1522826304144	geckodriver	INFO	Listening on 127.0.0.1:60482
1522826306303	mozrunner::runner	INFO	Running command: "C:\\Program Files (x86)\\Mozilla Firefox\\firefox.exe" "-marionette" "-profile" "C:\\Users\\harirath\\AppData\\Local\\Temp\\rust_mozprofile.8dNAqN42g46F"
1522826308854	addons.xpi	WARN	Error parsing extensions state: [Exception... "Component returned failure code: 0x80520012 (NS_ERROR_FILE_NOT_FOUND) [amIAddonManagerStartup.readStartupData]"  nsresult: "0x80520012 (NS_ERROR_FILE_NOT_FOUND)"  location: "JS frame :: resource://gre/modules/addons/XPIProvider.jsm :: loadExtensionState :: line 1596"  data: no] Stack trace: loadExtensionState()@resource://gre/modules/addons/XPIProvider.jsm:1596 < getInstallState()@resource://gre/modules/addons/XPIProvider.jsm:1631 < checkForChanges()@resource://gre/modules/addons/XPIProvider.jsm:3152 < startup()@resource://gre/modules/addons/XPIProvider.jsm:2246 < callProvider()@resource://gre/modules/AddonManager.jsm:271 < _startProvider()@resource://gre/modules/AddonManager.jsm:741 < startup()@resource://gre/modules/AddonManager.jsm:908 < startup()@resource://gre/modules/AddonManager.jsm:3122 < observe()@jar:file:///C:/Program%20Files%20(x86)/Mozilla%20Firefox/omni.ja!/components/addonManager.js:65
1522826310329	Marionette	INFO	Enabled via --marionette
[GPU 8156] WARNING: pipe error: 109: file c:/builds/moz2_slave/m-rel-w32-00000000000000000000/build/src/ipc/chromium/src/chrome/common/ipc_channel_win.cc, line 346
1522826316170	Marionette	INFO	Listening on port 60488
1522826316199	Marionette	INFO	Listening on port 60488
1522826316625	Marionette	WARN	TLS certificate errors will be ignored for this session
1522826316778	Marionette	DEBUG	loaded listener.js
1522826316949	Marionette	DEBUG	Received DOM event "beforeunload" for "about:blank"
1522826326526	Marionette	DEBUG	Received DOM event "pagehide" for "about:blank"
1522826326526	Marionette	DEBUG	Received DOM event "unload" for "about:blank"
1522826329525	Marionette	DEBUG	Received DOM event "DOMContentLoaded" for "https://www.gucci.com/us/en/"
1522826330629	Marionette	DEBUG	Received DOM event "pageshow" for "https://www.gucci.com/us/en/"
JavaScript warning: https://gucci-track.inside-graph.com/ig.js, line 537: unreachable code after return statement
JavaScript warning: https://gucci-track.inside-graph.com/ig.js, line 587: unreachable code after return statement
IPDL protocol error: Handler returned error code!

###!!! [Parent][DispatchAsyncMessage] Error: PLayerTransaction::Msg_ReleaseLayer Processing error: message was deserialized, but the handler returned false (indicating failure)

IPDL protocol error: Handler returned error code!

###!!! [Parent][DispatchAsyncMessage] Error: PLayerTransaction::Msg_ReleaseLayer Processing error: message was deserialized, but the handler returned false (indicating failure)

*************************
A coding exception was thrown and uncaught in a Task.

Full message: TypeError: can't access dead object
Full stack: find_@chrome://marionette/content/element.js:290:7
element.find/</findElements<@chrome://marionette/content/element.js:256:17
evalFn@chrome://marionette/content/wait.js:70:7

*************************
*************************
A coding exception was thrown and uncaught in a Task.

Full message: TypeError: can't access dead object
Full stack: find_@chrome://marionette/content/element.js:290:7
element.find/</findElements<@chrome://marionette/content/element.js:256:17
evalFn@chrome://marionette/content/wait.js:70:7

*************************
Marionette threw an error: [Exception... "Component returned failure code: 0x80070057 (NS_ERROR_ILLEGAL_VALUE) [nsIMessageSender.sendAsyncMessage]"  nsresult: "0x80070057 (NS_ERROR_ILLEGAL_VALUE)"  location: "JS frame :: chrome://marionette/content/proxy.js :: sendReply_ :: line 195"  data: no]
sendReply_@chrome://marionette/content/proxy.js:195:5
reply@chrome://marionette/content/proxy.js:175:7
sendToServer@chrome://marionette/content/listener.js:641:3
sendError@chrome://marionette/content/listener.js:675:3
dispatch/</<@chrome://marionette/content/listener.js:443:40
process@resource://gre/modules/Promise.jsm -> resource://gre/modules/Promise-backend.js:925:21
walkerLoop@resource://gre/modules/Promise.jsm -> resource://gre/modules/Promise-backend.js:806:7
scheduleWalkerLoop/<@resource://gre/modules/Promise.jsm -> resource://gre/modules/Promise-backend.js:742:11

[Parent 11236] WARNING: pipe error: 109: file c:/builds/moz2_slave/m-rel-w32-00000000000000000000/build/src/ipc/chromium/src/chrome/common/ipc_channel_win.cc, line 346
[Child 12600] WARNING: pipe error: 109: file c:/builds/moz2_slave/m-rel-w32-00000000000000000000/build/src/ipc/chromium/src/chrome/common/ipc_channel_win.cc, line 346

###!!! [Child][RunMessage] Error: Channel closing: too late to send/recv, messages will be lost

1531305440856	geckodriver	INFO	geckodriver 0.19.1
1531305440902	geckodriver	INFO	Listening on 127.0.0.1:61693
1531305444050	mozrunner::runner	INFO	Running command: "C:\\Program Files (x86)\\Mozilla Firefox\\firefox.exe" "-marionette" "-profile" "C:\\Users\\harirath\\AppData\\Local\\Temp\\rust_mozprofile.vGpoPyLPCFRl"
1531305446120	addons.xpi	WARN	Error parsing extensions state: [Exception... "Component returned failure code: 0x80520012 (NS_ERROR_FILE_NOT_FOUND) [amIAddonManagerStartup.readStartupData]"  nsresult: "0x80520012 (NS_ERROR_FILE_NOT_FOUND)"  location: "JS frame :: resource://gre/modules/addons/XPIProvider.jsm :: loadExtensionState :: line 1596"  data: no] Stack trace: loadExtensionState()@resource://gre/modules/addons/XPIProvider.jsm:1596 < getInstallState()@resource://gre/modules/addons/XPIProvider.jsm:1631 < checkForChanges()@resource://gre/modules/addons/XPIProvider.jsm:3152 < startup()@resource://gre/modules/addons/XPIProvider.jsm:2246 < callProvider()@resource://gre/modules/AddonManager.jsm:271 < _startProvider()@resource://gre/modules/AddonManager.jsm:741 < startup()@resource://gre/modules/AddonManager.jsm:908 < startup()@resource://gre/modules/AddonManager.jsm:3122 < observe()@jar:file:///C:/Program%20Files%20(x86)/Mozilla%20Firefox/omni.ja!/components/addonManager.js:65
1531305448276	Marionette	INFO	Enabled via --marionette
1531305453222	Marionette	INFO	Listening on port 61701
1531305453228	Marionette	INFO	Listening on port 61701
1531305453867	Marionette	WARN	TLS certificate errors will be ignored for this session
1531305453913	Marionette	DEBUG	loaded listener.js
1531305454073	Marionette	DEBUG	Received DOM event "beforeunload" for "about:blank"
1531305459152	Marionette	DEBUG	Received DOM event "pagehide" for "about:blank"
1531305459153	Marionette	DEBUG	Received DOM event "unload" for "about:blank"
1531305461718	Marionette	DEBUG	Received DOM event "DOMContentLoaded" for "https://www.gucci.com/us/en/"
IPDL protocol error: Handler returned error code!

###!!! [Parent][DispatchAsyncMessage] Error: PLayerTransaction::Msg_ReleaseLayer Processing error: message was deserialized, but the handler returned false (indicating failure)

IPDL protocol error: Handler returned error code!

###!!! [Parent][DispatchAsyncMessage] Error: PLayerTransaction::Msg_ReleaseLayer Processing error: message was deserialized, but the handler returned false (indicating failure)

1531305469922	Marionette	DEBUG	Received observer notification "outer-window-destroyed" for "2147483651"
1531305470237	addons.productaddons	WARN	Failed downloading via XHR, status: 0, reason: error
[GPU 15808] WARNING: pipe error: 109: file c:/builds/moz2_slave/m-rel-w32-00000000000000000000/build/src/ipc/chromium/src/chrome/common/ipc_channel_win.cc, line 346
JavaScript error: https://www.gucci.com/_ui/responsive/common/js/libs/require/require-2.1.11.min.js, line 1: Error: Script error for "jsonHtml"
http://requirejs.org/docs/errors.html#scripterror
JavaScript error: https://www.gucci.com/_ui/responsive/common/js/libs/require/require-2.1.11.min.js, line 1: Error: Script error for "gucciJsonHtml"
http://requirejs.org/docs/errors.html#scripterror
JavaScript error: https://www.gucci.com/_ui/responsive/common/js/libs/require/require-2.1.11.min.js, line 1: Error: Script error for "fittext"
http://requirejs.org/docs/errors.html#scripterror
